react-native-artifacts-0.75.4-hermes-framework-dSYM-debug.tar.gz
react-native-artifacts-0.75.4-hermes-framework-dSYM-debug.tar.gz.asc
react-native-artifacts-0.75.4-hermes-framework-dSYM-debug.tar.gz.asc.md5
react-native-artifacts-0.75.4-hermes-framework-dSYM-debug.tar.gz.asc.sha1
react-native-artifacts-0.75.4-hermes-framework-dSYM-debug.tar.gz.asc.sha256
react-native-artifacts-0.75.4-hermes-framework-dSYM-debug.tar.gz.asc.sha512
react-native-artifacts-0.75.4-hermes-framework-dSYM-debug.tar.gz.md5
react-native-artifacts-0.75.4-hermes-framework-dSYM-debug.tar.gz.sha1
react-native-artifacts-0.75.4-hermes-framework-dSYM-debug.tar.gz.sha256
react-native-artifacts-0.75.4-hermes-framework-dSYM-debug.tar.gz.sha512
react-native-artifacts-0.75.4-hermes-framework-dSYM-release.tar.gz
react-native-artifacts-0.75.4-hermes-framework-dSYM-release.tar.gz.asc
react-native-artifacts-0.75.4-hermes-framework-dSYM-release.tar.gz.asc.md5
react-native-artifacts-0.75.4-hermes-framework-dSYM-release.tar.gz.asc.sha1
react-native-artifacts-0.75.4-hermes-framework-dSYM-release.tar.gz.asc.sha256
react-native-artifacts-0.75.4-hermes-framework-dSYM-release.tar.gz.asc.sha512
react-native-artifacts-0.75.4-hermes-framework-dSYM-release.tar.gz.md5
react-native-artifacts-0.75.4-hermes-framework-dSYM-release.tar.gz.sha1
react-native-artifacts-0.75.4-hermes-framework-dSYM-release.tar.gz.sha256
react-native-artifacts-0.75.4-hermes-framework-dSYM-release.tar.gz.sha512
react-native-artifacts-0.75.4-hermes-ios-debug.tar.gz
react-native-artifacts-0.75.4-hermes-ios-debug.tar.gz.asc
react-native-artifacts-0.75.4-hermes-ios-debug.tar.gz.asc.md5
react-native-artifacts-0.75.4-hermes-ios-debug.tar.gz.asc.sha1
react-native-artifacts-0.75.4-hermes-ios-debug.tar.gz.asc.sha256
react-native-artifacts-0.75.4-hermes-ios-debug.tar.gz.asc.sha512
react-native-artifacts-0.75.4-hermes-ios-debug.tar.gz.md5
react-native-artifacts-0.75.4-hermes-ios-debug.tar.gz.sha1
react-native-artifacts-0.75.4-hermes-ios-debug.tar.gz.sha256
react-native-artifacts-0.75.4-hermes-ios-debug.tar.gz.sha512
react-native-artifacts-0.75.4-hermes-ios-release.tar.gz
react-native-artifacts-0.75.4-hermes-ios-release.tar.gz.asc
react-native-artifacts-0.75.4-hermes-ios-release.tar.gz.asc.md5
react-native-artifacts-0.75.4-hermes-ios-release.tar.gz.asc.sha1
react-native-artifacts-0.75.4-hermes-ios-release.tar.gz.asc.sha256
react-native-artifacts-0.75.4-hermes-ios-release.tar.gz.asc.sha512
react-native-artifacts-0.75.4-hermes-ios-release.tar.gz.md5
react-native-artifacts-0.75.4-hermes-ios-release.tar.gz.sha1
react-native-artifacts-0.75.4-hermes-ios-release.tar.gz.sha256
react-native-artifacts-0.75.4-hermes-ios-release.tar.gz.sha512
react-native-artifacts-0.75.4.pom
react-native-artifacts-0.75.4.pom.asc
react-native-artifacts-0.75.4.pom.asc.md5
react-native-artifacts-0.75.4.pom.asc.sha1
react-native-artifacts-0.75.4.pom.asc.sha256
react-native-artifacts-0.75.4.pom.asc.sha512
react-native-artifacts-0.75.4.pom.md5
react-native-artifacts-0.75.4.pom.sha1
react-native-artifacts-0.75.4.pom.sha256
react-native-artifacts-0.75.4.pom.sha512
